Performing C SOURCE FILE Test CMAKE_HAVE_LIBC_PTHREAD failed with the following output:
Change Dir: /home/rayhanul/catkin_ws/build/CMakeFiles/CMakeScratch/TryCompile-D5GbWL

Run Build Command(s):/usr/bin/make -f Makefile cmTC_5a0f9/fast && /usr/bin/make  -f CMakeFiles/cmTC_5a0f9.dir/build.make CMakeFiles/cmTC_5a0f9.dir/build
make[1]: Entering directory '/home/rayhanul/catkin_ws/build/CMakeFiles/CMakeScratch/TryCompile-D5GbWL'
Building C object CMakeFiles/cmTC_5a0f9.dir/src.c.o
/usr/bin/cc -DCMAKE_HAVE_LIBC_PTHREAD   -o CMakeFiles/cmTC_5a0f9.dir/src.c.o -c /home/rayhanul/catkin_ws/build/CMakeFiles/CMakeScratch/TryCompile-D5GbWL/src.c
Linking C executable cmTC_5a0f9
/usr/bin/cmake -E cmake_link_script CMakeFiles/cmTC_5a0f9.dir/link.txt --verbose=1
/usr/bin/cc -rdynamic CMakeFiles/cmTC_5a0f9.dir/src.c.o -o cmTC_5a0f9 
/usr/bin/ld: CMakeFiles/cmTC_5a0f9.dir/src.c.o: in function `main':
src.c:(.text+0x46): undefined reference to `pthread_create'
/usr/bin/ld: src.c:(.text+0x52): undefined reference to `pthread_detach'
/usr/bin/ld: src.c:(.text+0x5e): undefined reference to `pthread_cancel'
/usr/bin/ld: src.c:(.text+0x6f): undefined reference to `pthread_join'
collect2: error: ld returned 1 exit status
make[1]: *** [CMakeFiles/cmTC_5a0f9.dir/build.make:99: cmTC_5a0f9] Error 1
make[1]: Leaving directory '/home/rayhanul/catkin_ws/build/CMakeFiles/CMakeScratch/TryCompile-D5GbWL'
make: *** [Makefile:127: cmTC_5a0f9/fast] Error 2


Source file was:
#include <pthread.h>

static void* test_func(void* data)
{
  return data;
}

int main(void)
{
  pthread_t thread;
  pthread_create(&thread, NULL, test_func, NULL);
  pthread_detach(thread);
  pthread_cancel(thread);
  pthread_join(thread, NULL);
  pthread_atfork(NULL, NULL, NULL);
  pthread_exit(NULL);

  return 0;
}


Determining if the function pthread_create exists in the pthreads failed with the following output:
Change Dir: /home/rayhanul/catkin_ws/build/CMakeFiles/CMakeScratch/TryCompile-HqUIqL

Run Build Command(s):/usr/bin/make -f Makefile cmTC_ec21d/fast && /usr/bin/make  -f CMakeFiles/cmTC_ec21d.dir/build.make CMakeFiles/cmTC_ec21d.dir/build
make[1]: Entering directory '/home/rayhanul/catkin_ws/build/CMakeFiles/CMakeScratch/TryCompile-HqUIqL'
Building C object CMakeFiles/cmTC_ec21d.dir/CheckFunctionExists.c.o
/usr/bin/cc   -DCHECK_FUNCTION_EXISTS=pthread_create -o CMakeFiles/cmTC_ec21d.dir/CheckFunctionExists.c.o -c /home/rayhanul/catkin_ws/build/CMakeFiles/CMakeScratch/TryCompile-HqUIqL/CheckFunctionExists.c
Linking C executable cmTC_ec21d
/usr/bin/cmake -E cmake_link_script CMakeFiles/cmTC_ec21d.dir/link.txt --verbose=1
/usr/bin/cc  -DCHECK_FUNCTION_EXISTS=pthread_create -rdynamic CMakeFiles/cmTC_ec21d.dir/CheckFunctionExists.c.o -o cmTC_ec21d  -lpthreads 
/usr/bin/ld: cannot find -lpthreads
collect2: error: ld returned 1 exit status
make[1]: *** [CMakeFiles/cmTC_ec21d.dir/build.make:99: cmTC_ec21d] Error 1
make[1]: Leaving directory '/home/rayhanul/catkin_ws/build/CMakeFiles/CMakeScratch/TryCompile-HqUIqL'
make: *** [Makefile:127: cmTC_ec21d/fast] Error 2



